nohup: ignoring input
[0mGET / [36m304 [0m6.569 ms - -[0m
[0mGET /stylesheets/style.css [36m304 [0m1.445 ms - -[0m
[0mGET /javascripts/app.js [36m304 [0m1.092 ms - -[0m
[0mGET /chatData [32m200 [0m3.658 ms - 640[0m
[0mGET / [36m304 [0m0.343 ms - -[0m
[0mGET /stylesheets/style.css [36m304 [0m0.535 ms - -[0m
[0mGET /javascripts/app.js [36m304 [0m0.535 ms - -[0m
[0mGET /chatData [36m304 [0m0.968 ms - -[0m
[0mGET / [36m304 [0m0.287 ms - -[0m
[0mGET /stylesheets/style.css [36m304 [0m0.295 ms - -[0m
[0mGET /javascripts/app.js [36m304 [0m0.194 ms - -[0m
[0mGET /chatData [36m304 [0m0.498 ms - -[0m
[0mGET / [32m200 [0m3.376 ms - 2852[0m
[0mGET /stylesheets/style.css [32m200 [0m1.678 ms - 1568[0m
[0mGET /javascripts/app.js [32m200 [0m3.011 ms - 4302[0m
[0mGET /chatData [32m200 [0m0.463 ms - 640[0m
[0mGET /chatData [36m304 [0m0.398 ms - -[0m
[0mGET /%7B%7Bcomment.avatarUrl%7D%7D [33m404 [0m317.212 ms - 1215[0m
[0mGET / [32m200 [0m1.610 ms - 2852[0m
[0mGET /stylesheets/style.css [32m200 [0m0.895 ms - 1568[0m
[0mGET /javascripts/app.js [32m200 [0m2.769 ms - 4302[0m
[0mGET /chatData [32m200 [0m0.914 ms - 640[0m
[0mGET /favicon.ico [33m404 [0m43.822 ms - 1215[0m
[0mGET / [32m200 [0m1.584 ms - 2852[0m
[0mGET /stylesheets/style.css [32m200 [0m0.940 ms - 1568[0m
[0mGET /javascripts/app.js [32m200 [0m1.890 ms - 4302[0m
[0mGET /chatData [32m200 [0m0.726 ms - 640[0m
[0mGET /favicon.ico [33m404 [0m40.647 ms - 1215[0m
[0mGET /chatData [36m304 [0m0.515 ms - -[0m
[0mGET /%7B%7Bcomment.avatarUrl%7D%7D [33m404 [0m33.225 ms - 1215[0m
[0mPOST /newComment?i=1 [32m200 [0m11.995 ms - 52[0m
[0mGET / [32m200 [0m0.657 ms - 2852[0m
[0mGET /stylesheets/style.css [32m200 [0m0.799 ms - 1568[0m
[0mGET /javascripts/app.js [32m200 [0m0.338 ms - 4302[0m
[0mGET /chatData [32m200 [0m0.475 ms - 690[0m
[0mGET /favicon.ico [33m404 [0m47.102 ms - 1215[0m
[0mGET / [32m200 [0m0.550 ms - 2976[0m
[0mGET /javascripts/app.js [36m304 [0m0.270 ms - -[0m
[0mGET /stylesheets/style.css [32m200 [0m1.556 ms - 1758[0m
[0mGET /chatData [32m200 [0m0.952 ms - 690[0m
[0mGET /stylesheets/header.png [32m200 [0m0.482 ms - 575483[0m
[0mGET /favicon.ico [33m404 [0m13.629 ms - 1215[0m
[0mGET / [32m200 [0m1.294 ms - 2976[0m
[0mGET /javascripts/app.js [36m304 [0m0.474 ms - -[0m
[0mGET /stylesheets/style.css [32m200 [0m1.057 ms - 1785[0m
[0mGET /chatData [36m304 [0m0.491 ms - -[0m
[0mGET /stylesheets/header.png [36m304 [0m0.219 ms - -[0m
[0mGET /chatData [36m304 [0m0.440 ms - -[0m
[0mGET /%7B%7Bcomment.avatarUrl%7D%7D [33m404 [0m5.857 ms - 1215[0m
[0mGET /chatData [36m304 [0m0.437 ms - -[0m
[0mGET /chatData [36m304 [0m0.863 ms - -[0m
[0mGET /%7B%7Bcomment.avatarUrl%7D%7D [33m404 [0m11.409 ms - 1215[0m
[0mGET / [36m304 [0m0.299 ms - -[0m
[0mGET /javascripts/app.js [36m304 [0m0.436 ms - -[0m
[0mGET /stylesheets/style.css [32m200 [0m1.381 ms - 1856[0m
[0mGET /chatData [36m304 [0m1.789 ms - -[0m
[0mGET /%7B%7Bcomment.avatarUrl%7D%7D [33m404 [0m19.044 ms - 1215[0m
[0mGET /stylesheets/header.png [36m304 [0m0.214 ms - -[0m
[0mGET / [36m304 [0m0.300 ms - -[0m
[0mGET /stylesheets/style.css [36m304 [0m1.019 ms - -[0m
[0mGET /javascripts/app.js [36m304 [0m0.204 ms - -[0m
[0mGET /chatData [36m304 [0m1.147 ms - -[0m
[0mGET /%7B%7Bcomment.avatarUrl%7D%7D [33m404 [0m6.768 ms - 1215[0m
[0mGET /stylesheets/header.png [36m304 [0m0.223 ms - -[0m
[0mGET /chatData [36m304 [0m0.414 ms - -[0m
[0mGET / [36m304 [0m0.677 ms - -[0m
[0mGET /stylesheets/style.css [32m200 [0m0.791 ms - 1947[0m
[0mGET /javascripts/app.js [36m304 [0m0.545 ms - -[0m
[0mGET /chatData [36m304 [0m0.428 ms - -[0m
[0mGET /stylesheets/header.png [36m304 [0m0.245 ms - -[0m
[0mGET /chatData [36m304 [0m0.432 ms - -[0m
[0mGET /%7B%7Bcomment.avatarUrl%7D%7D [33m404 [0m9.543 ms - 1215[0m
[0mGET /chatData [36m304 [0m0.408 ms - -[0m
[0mGET / [36m304 [0m0.294 ms - -[0m
[0mGET /stylesheets/style.css [32m200 [0m0.547 ms - 2080[0m
[0mGET /javascripts/app.js [36m304 [0m0.256 ms - -[0m
[0mGET /chatData [36m304 [0m1.171 ms - -[0m
[0mGET /stylesheets/header.png [36m304 [0m0.209 ms - -[0m
[0mGET /chatData [36m304 [0m0.411 ms - -[0m
[0mGET /%7B%7Bcomment.avatarUrl%7D%7D [33m404 [0m4.555 ms - 1215[0m
[0mGET /chatData [36m304 [0m0.417 ms - -[0m
[0mGET /chatData [36m304 [0m2.022 ms - -[0m
[0mGET /%7B%7Bcomment.avatarUrl%7D%7D [33m404 [0m9.659 ms - 1215[0m
[0mGET /chatData [36m304 [0m0.891 ms - -[0m
[0mGET / [36m304 [0m0.311 ms - -[0m
[0mGET /stylesheets/style.css [32m200 [0m0.499 ms - 2139[0m
[0mGET /javascripts/app.js [36m304 [0m0.913 ms - -[0m
[0mGET /chatData [36m304 [0m1.413 ms - -[0m
[0mGET /stylesheets/header.png [36m304 [0m0.206 ms - -[0m
[0mGET / [36m304 [0m0.289 ms - -[0m
[0mGET /stylesheets/style.css [36m304 [0m4.085 ms - -[0m
[0mGET /javascripts/app.js [36m304 [0m4.603 ms - -[0m
[0mGET /chatData [36m304 [0m0.431 ms - -[0m
[0mGET /stylesheets/header.png [36m304 [0m0.236 ms - -[0m
[0mGET / [36m304 [0m0.285 ms - -[0m
[0mGET /stylesheets/style.css [32m200 [0m1.757 ms - 2427[0m
[0mGET /javascripts/app.js [36m304 [0m0.527 ms - -[0m
[0mGET /chatData [36m304 [0m0.768 ms - -[0m
[0mGET /stylesheets/header.png [36m304 [0m0.224 ms - -[0m
[0mGET / [36m304 [0m0.298 ms - -[0m
[0mGET /stylesheets/style.css [36m304 [0m0.504 ms - -[0m
[0mGET /javascripts/app.js [36m304 [0m0.496 ms - -[0m
[0mGET /chatData [36m304 [0m1.431 ms - -[0m
[0mGET /stylesheets/header.png [36m304 [0m0.211 ms - -[0m
[0mGET /chatData [36m304 [0m0.435 ms - -[0m
[0mGET /%7B%7Bcomment.avatarUrl%7D%7D [33m404 [0m12.598 ms - 1215[0m
[0mGET / [36m304 [0m0.327 ms - -[0m
[0mGET /stylesheets/style.css [32m200 [0m0.854 ms - 2765[0m
[0mGET /javascripts/app.js [36m304 [0m1.338 ms - -[0m
[0mGET /chatData [36m304 [0m0.396 ms - -[0m
[0mGET /%7B%7Bcomment.avatarUrl%7D%7D [33m404 [0m7.591 ms - 1215[0m
[0mGET /stylesheets/header.png [36m304 [0m0.282 ms - -[0m
[0mGET /chatData [36m304 [0m0.404 ms - -[0m
[0mGET / [36m304 [0m0.299 ms - -[0m
[0mGET /stylesheets/style.css [32m200 [0m0.699 ms - 2835[0m
[0mGET /javascripts/app.js [36m304 [0m0.530 ms - -[0m
[0mGET /chatData [36m304 [0m0.841 ms - -[0m
[0mGET /stylesheets/header.png [36m304 [0m0.235 ms - -[0m
[0mGET / [36m304 [0m0.289 ms - -[0m
[0mGET /stylesheets/style.css [32m200 [0m0.517 ms - 2867[0m
[0mGET /javascripts/app.js [36m304 [0m0.173 ms - -[0m
[0mGET /chatData [36m304 [0m0.396 ms - -[0m
[0mGET /stylesheets/header.png [36m304 [0m0.207 ms - -[0m
[0mGET /chatData [36m304 [0m0.394 ms - -[0m
[0mGET /%7B%7Bcomment.avatarUrl%7D%7D [33m404 [0m7.723 ms - 1215[0m
[0mGET / [36m304 [0m0.294 ms - -[0m
[0mGET /javascripts/app.js [36m304 [0m0.238 ms - -[0m
[0mGET /stylesheets/style.css [32m200 [0m1.266 ms - 2873[0m
[0mGET /chatData [36m304 [0m0.434 ms - -[0m
[0mGET /%7B%7Bcomment.avatarUrl%7D%7D [33m404 [0m5.780 ms - 1215[0m
[0mGET /stylesheets/header.png [36m304 [0m0.946 ms - -[0m
[0mGET / [32m200 [0m2.385 ms - 3006[0m
[0mGET /javascripts/app.js [36m304 [0m1.757 ms - -[0m
[0mGET /stylesheets/style.css [32m200 [0m0.483 ms - 3119[0m
[0mGET /chatData [36m304 [0m0.407 ms - -[0m
[0mGET /%7B%7Bcomment.avatarUrl%7D%7D [33m404 [0m4.254 ms - 1215[0m
[0mGET /stylesheets/header.png [36m304 [0m0.288 ms - -[0m
[0mGET /chatData [36m304 [0m0.397 ms - -[0m
[0mGET / [36m304 [0m0.331 ms - -[0m
[0mGET /stylesheets/style.css [32m200 [0m0.522 ms - 3279[0m
[0mGET /javascripts/app.js [36m304 [0m0.164 ms - -[0m
[0mGET /chatData [36m304 [0m0.394 ms - -[0m
[0mGET /stylesheets/header.png [36m304 [0m0.307 ms - -[0m
[0mGET /chatData [36m304 [0m0.435 ms - -[0m
[0mGET /%7B%7Bcomment.avatarUrl%7D%7D [33m404 [0m4.298 ms - 1215[0m
[0mGET /chatData [36m304 [0m0.979 ms - -[0m
[0mGET /chatData [36m304 [0m0.407 ms - -[0m
[0mGET /%7B%7Bcomment.avatarUrl%7D%7D [33m404 [0m10.927 ms - 1215[0m
[0mGET / [32m200 [0m0.501 ms - 3006[0m
[0mGET /javascripts/app.js [36m304 [0m0.844 ms - -[0m
[0mGET /stylesheets/style.css [32m200 [0m1.395 ms - 3279[0m
[0mGET /chatData [32m200 [0m0.371 ms - 690[0m
[0mGET /stylesheets/header.png [32m200 [0m0.388 ms - 575483[0m
[0mGET / [36m304 [0m0.247 ms - -[0m
[0mGET /stylesheets/style.css [36m304 [0m0.284 ms - -[0m
[0mGET /javascripts/app.js [36m304 [0m0.172 ms - -[0m
[0mGET /chatData [36m304 [0m0.436 ms - -[0m
[0mGET /stylesheets/header.png [36m304 [0m0.642 ms - -[0m
[0mGET /favicon.ico [33m404 [0m12.061 ms - 1215[0m
[0mPOST /newThread [32m200 [0m56.149 ms - 52[0m
[0mGET /chatData [32m200 [0m1.356 ms - 15687[0m
[0mGET /%7B%7Bcomment.avatarUrl%7D%7D [33m404 [0m5.665 ms - 1215[0m
[0mPOST /upvote [32m200 [0m0.600 ms - 52[0m
[0mPOST /upvote [32m200 [0m0.455 ms - 52[0m
[0mPOST /upvote [32m200 [0m0.417 ms - 52[0m
[0mPOST /upvote [32m200 [0m1.305 ms - 52[0m
[0mPOST /upvote [32m200 [0m0.376 ms - 52[0m
[0mPOST /upvote [32m200 [0m0.396 ms - 52[0m
[0mPOST /upvote [32m200 [0m0.372 ms - 52[0m
[0mPOST /upvote [32m200 [0m0.365 ms - 52[0m
[0mPOST /upvote [32m200 [0m0.382 ms - 52[0m
[0mPOST /upvote [32m200 [0m0.389 ms - 52[0m
[0mGET /chatData [32m200 [0m0.615 ms - 15688[0m
[0mGET /chatData [36m304 [0m2.952 ms - -[0m
[0mGET /%7B%7Bcomment.avatarUrl%7D%7D [33m404 [0m7.203 ms - 1215[0m
[0mGET /chatData [36m304 [0m0.612 ms - -[0m
[0mGET /chatData [36m304 [0m0.777 ms - -[0m
[0mGET /%7B%7Bcomment.avatarUrl%7D%7D [33m404 [0m6.049 ms - 1215[0m
[0mGET /chatData [36m304 [0m0.582 ms - -[0m
[0mGET /chatData [36m304 [0m0.775 ms - -[0m
[0mGET /%7B%7Bcomment.avatarUrl%7D%7D [33m404 [0m7.874 ms - 1215[0m
[0mPOST /upvote [32m200 [0m0.802 ms - 52[0m
[0mPOST /upvote [32m200 [0m0.368 ms - 52[0m
[0mPOST /upvote [32m200 [0m0.360 ms - 52[0m
[0mPOST /upvote [32m200 [0m0.358 ms - 52[0m
[0mPOST /upvote [32m200 [0m0.395 ms - 52[0m
[0mPOST /upvote [32m200 [0m0.365 ms - 52[0m
[0mPOST /upvote [32m200 [0m0.373 ms - 52[0m
[0mPOST /upvote [32m200 [0m0.419 ms - 52[0m
[0mPOST /upvote [32m200 [0m0.380 ms - 52[0m
[0mPOST /upvote [32m200 [0m0.378 ms - 52[0m
[0mPOST /upvote [32m200 [0m0.396 ms - 52[0m
[0mPOST /upvote [32m200 [0m0.364 ms - 52[0m
[0mPOST /upvote [32m200 [0m0.387 ms - 52[0m
[0mPOST /upvote [32m200 [0m0.395 ms - 52[0m
[0mPOST /upvote [32m200 [0m0.376 ms - 52[0m
[0mPOST /upvote [32m200 [0m1.367 ms - 52[0m
[0mPOST /upvote [32m200 [0m0.360 ms - 52[0m
[0mPOST /upvote [32m200 [0m0.374 ms - 52[0m
[0mPOST /upvote [32m200 [0m0.389 ms - 52[0m
[0mPOST /upvote [32m200 [0m0.370 ms - 52[0m
[0mPOST /upvote [32m200 [0m0.788 ms - 52[0m
[0mPOST /upvote [32m200 [0m0.353 ms - 52[0m
[0mPOST /upvote [32m200 [0m0.366 ms - 52[0m
[0mPOST /upvote [32m200 [0m0.374 ms - 52[0m
[0mPOST /upvote [32m200 [0m0.382 ms - 52[0m
[0mPOST /upvote [32m200 [0m0.367 ms - 52[0m
[0mPOST /upvote [32m200 [0m0.386 ms - 52[0m
[0mPOST /upvote [32m200 [0m0.387 ms - 52[0m
[0mPOST /upvote [32m200 [0m0.384 ms - 52[0m
[0mPOST /upvote [32m200 [0m0.376 ms - 52[0m
[0mPOST /upvote [32m200 [0m0.399 ms - 52[0m
[0mPOST /upvote [32m200 [0m0.749 ms - 52[0m
[0mPOST /upvote [32m200 [0m0.390 ms - 52[0m
[0mGET / [36m304 [0m0.788 ms - -[0m
[0mGET /stylesheets/style.css [36m304 [0m0.280 ms - -[0m
[0mGET /javascripts/app.js [36m304 [0m0.166 ms - -[0m
[0mGET /chatData [32m200 [0m0.595 ms - 15690[0m
[0mGET /%7B%7Bcomment.avatarUrl%7D%7D [33m404 [0m4.237 ms - 1215[0m
[0mGET /stylesheets/header.png [36m304 [0m0.177 ms - -[0m
[0mGET /chatData [36m304 [0m0.580 ms - -[0m
[0mGET / [36m304 [0m0.309 ms - -[0m
[0mGET /stylesheets/style.css [36m304 [0m0.872 ms - -[0m
[0mGET /javascripts/app.js [36m304 [0m0.164 ms - -[0m
[0mGET /chatData [36m304 [0m0.588 ms - -[0m
[0mGET /stylesheets/header.png [36m304 [0m0.251 ms - -[0m
[0mGET / [32m200 [0m0.429 ms - 3006[0m
[0mGET /stylesheets/style.css [32m200 [0m0.531 ms - 3279[0m
[0mGET /javascripts/app.js [32m200 [0m0.320 ms - 4302[0m
[0mGET /chatData [32m200 [0m0.621 ms - 15690[0m
[0mGET /stylesheets/header.png [32m200 [0m0.349 ms - 575483[0m
[0mGET /favicon.ico [33m404 [0m6.658 ms - 1215[0m
[0mGET /chatData [36m304 [0m0.587 ms - -[0m
[0mGET /%7B%7Bcomment.avatarUrl%7D%7D [33m404 [0m7.337 ms - 1215[0m
[0mGET /chatData [36m304 [0m0.673 ms - -[0m
[0mGET /chatData [36m304 [0m1.422 ms - -[0m
[0mGET /%7B%7Bcomment.avatarUrl%7D%7D [33m404 [0m10.313 ms - 1215[0m
[0mPOST /newComment?i=2 [32m200 [0m0.360 ms - 52[0m
[0mGET /chatData [32m200 [0m0.602 ms - 15949[0m
[0mGET /chatData [36m304 [0m0.766 ms - -[0m
[0mGET /%7B%7Bcomment.avatarUrl%7D%7D [33m404 [0m4.879 ms - 1215[0m
[0mGET / [36m304 [0m0.332 ms - -[0m
[0mGET /stylesheets/style.css [32m200 [0m0.697 ms - 3287[0m
[0mGET /javascripts/app.js [36m304 [0m3.945 ms - -[0m
[0mGET /chatData [36m304 [0m0.602 ms - -[0m
[0mGET /%7B%7Bcomment.avatarUrl%7D%7D [33m404 [0m4.370 ms - 1215[0m
[0mGET /stylesheets/header.png [36m304 [0m0.194 ms - -[0m
[0mGET /chatData [36m304 [0m0.603 ms - -[0m
[0mGET /chatData [36m304 [0m0.564 ms - -[0m
[0mGET /%7B%7Bcomment.avatarUrl%7D%7D [33m404 [0m4.261 ms - 1215[0m
[0mGET / [36m304 [0m0.276 ms - -[0m
[0mGET /stylesheets/style.css [32m200 [0m0.521 ms - 3356[0m
[0mGET /javascripts/app.js [36m304 [0m0.191 ms - -[0m
[0mGET /chatData [36m304 [0m0.557 ms - -[0m
[0mGET /%7B%7Bcomment.avatarUrl%7D%7D [33m404 [0m6.569 ms - 1215[0m
[0mGET /stylesheets/header.png [36m304 [0m0.184 ms - -[0m
[0mGET /chatData [36m304 [0m0.590 ms - -[0m
[0mGET / [36m304 [0m0.282 ms - -[0m
[0mGET /stylesheets/style.css [36m304 [0m0.329 ms - -[0m
[0mGET /javascripts/app.js [36m304 [0m0.183 ms - -[0m
[0mGET /chatData [36m304 [0m0.565 ms - -[0m
[0mGET /stylesheets/header.png [36m304 [0m0.230 ms - -[0m
[0mGET /chatData [36m304 [0m0.592 ms - -[0m
[0mGET /%7B%7Bcomment.avatarUrl%7D%7D [33m404 [0m4.182 ms - 1215[0m
[0mGET / [32m200 [0m0.416 ms - 3006[0m
[0mGET /stylesheets/style.css [32m200 [0m0.465 ms - 3356[0m
[0mGET /javascripts/app.js [32m200 [0m0.402 ms - 4302[0m
[0mGET /chatData [32m200 [0m0.567 ms - 15949[0m
[0mGET /stylesheets/header.png [32m200 [0m0.448 ms - 575483[0m
[0mGET /favicon.ico [33m404 [0m4.211 ms - 1215[0m
[0mGET /chatData [36m304 [0m0.598 ms - -[0m
[0mGET /%7B%7Bcomment.avatarUrl%7D%7D [33m404 [0m5.720 ms - 1215[0m
[0mPOST /newComment?i=1 [32m200 [0m0.769 ms - 52[0m
[0mGET / [36m304 [0m0.293 ms - -[0m
[0mGET /stylesheets/style.css [36m304 [0m0.287 ms - -[0m
[0mGET /javascripts/app.js [36m304 [0m0.188 ms - -[0m
[0mGET /chatData [32m200 [0m0.584 ms - 16041[0m
[0mGET /stylesheets/header.png [36m304 [0m0.292 ms - -[0m
[0mGET / [32m200 [0m2.264 ms - 3006[0m
[0mGET /stylesheets/style.css [32m200 [0m0.454 ms - 3356[0m
[0mGET /javascripts/app.js [32m200 [0m0.289 ms - 4302[0m
[0mGET /chatData [32m200 [0m1.068 ms - 16041[0m
[0mGET /stylesheets/header.png [32m200 [0m0.350 ms - 575483[0m
[0mGET /favicon.ico [33m404 [0m3.808 ms - 1215[0m
[0mGET /%7B%7Bcomment.avatarUrl%7D%7D [33m404 [0m4.472 ms - 1215[0m
[0mGET /chatData [36m304 [0m0.478 ms - -[0m
[0mPOST /upvote [32m200 [0m0.383 ms - 52[0m
[0mPOST /upvote [32m200 [0m0.372 ms - 52[0m
[0mPOST /upvote [32m200 [0m0.382 ms - 52[0m
[0mPOST /upvote [32m200 [0m0.360 ms - 52[0m
[0mPOST /upvote [32m200 [0m0.359 ms - 52[0m
[0mPOST /upvote [32m200 [0m0.387 ms - 52[0m
[0mPOST /upvote [32m200 [0m0.368 ms - 52[0m
[0mPOST /upvote [32m200 [0m0.360 ms - 52[0m
[0mPOST /upvote [32m200 [0m0.354 ms - 52[0m
[0mPOST /upvote [32m200 [0m0.373 ms - 52[0m
[0mPOST /upvote [32m200 [0m0.369 ms - 52[0m
[0mGET /chatData [32m200 [0m0.572 ms - 16041[0m
[0mGET /chatData [36m304 [0m0.584 ms - -[0m
[0mGET /%7B%7Bcomment.avatarUrl%7D%7D [33m404 [0m4.542 ms - 1215[0m
[0mPOST /newComment?i=1 [32m200 [0m0.362 ms - 52[0m
[0mGET / [32m200 [0m0.439 ms - 3006[0m
[0mGET /stylesheets/style.css [32m200 [0m0.503 ms - 3356[0m
[0mGET /javascripts/app.js [32m200 [0m2.153 ms - 4302[0m
[0mGET /chatData [32m200 [0m0.545 ms - 16091[0m
[0mGET /stylesheets/header.png [32m200 [0m0.388 ms - 575483[0m
[0mGET /favicon.ico [33m404 [0m5.353 ms - 1215[0m
[0mGET / [32m200 [0m0.421 ms - 3006[0m
[0mGET /stylesheets/style.css [32m200 [0m0.455 ms - 3356[0m
[0mGET /javascripts/app.js [32m200 [0m1.001 ms - 4302[0m
[0mGET /chatData [32m200 [0m0.577 ms - 16091[0m
[0mGET /stylesheets/header.png [32m200 [0m0.436 ms - 575483[0m
[0mGET /favicon.ico [33m404 [0m3.811 ms - 1215[0m
[0mGET /chatData [36m304 [0m1.210 ms - -[0m
[0mGET /%7B%7Bcomment.avatarUrl%7D%7D [33m404 [0m3.608 ms - 1215[0m
[0mPOST /newComment?i=1 [32m200 [0m0.378 ms - 52[0m
[0mPOST /newThread [32m200 [0m0.360 ms - 52[0m
[0mGET /chatData [32m200 [0m0.572 ms - 16599[0m
[0mGET /%7B%7Bcomment.avatarUrl%7D%7D [33m404 [0m5.138 ms - 1215[0m
[0mGET /chatData [36m304 [0m0.652 ms - -[0m
[0mGET /chatData [36m304 [0m0.782 ms - -[0m
[0mGET /%7B%7Bcomment.avatarUrl%7D%7D [33m404 [0m6.186 ms - 1215[0m
[0mPOST /upvote [32m200 [0m0.359 ms - 52[0m
[0mPOST /upvote [32m200 [0m0.369 ms - 52[0m
[0mPOST /upvote [32m200 [0m0.352 ms - 52[0m
[0mPOST /upvote [32m200 [0m0.360 ms - 52[0m
[0mPOST /upvote [32m200 [0m0.392 ms - 52[0m
[0mGET / [32m200 [0m0.486 ms - 3006[0m
[0mGET /stylesheets/style.css [32m200 [0m0.445 ms - 3356[0m
[0mGET /javascripts/app.js [32m200 [0m0.336 ms - 4302[0m
[0mGET /chatData [32m200 [0m1.202 ms - 16599[0m
[0mGET /stylesheets/header.png [32m200 [0m0.344 ms - 575483[0m
[0mGET /favicon.ico [33m404 [0m8.002 ms - 1215[0m
[0mGET /robots.txt [33m404 [0m4.333 ms - 1215[0m
[0mGET /robots.txt [33m404 [0m4.050 ms - 1215[0m
[0mGET /robots.txt [33m404 [0m3.912 ms - 1215[0m
[0mGET /robots.txt [33m404 [0m3.356 ms - 1215[0m
[0mGET /robots.txt [33m404 [0m8.099 ms - 1215[0m
[0mGET /robots.txt [33m404 [0m5.733 ms - 1215[0m
[0mGET /robots.txt [33m404 [0m3.524 ms - 1215[0m
[0mGET /robots.txt [33m404 [0m4.055 ms - 1215[0m
[0mGET /chatData [36m304 [0m3.955 ms - -[0m
[0mGET /%7B%7Bcomment.avatarUrl%7D%7D [33m404 [0m4.019 ms - 1215[0m
[0mGET /chatData [36m304 [0m0.571 ms - -[0m
[0mPOST /newThread [32m200 [0m0.391 ms - 52[0m
[0mGET /chatData [32m200 [0m0.577 ms - 16743[0m
[0mGET /%7B%7Bcomment.avatarUrl%7D%7D [33m404 [0m3.984 ms - 1215[0m
[0mGET /chatData [36m304 [0m0.595 ms - -[0m
[0mGET / [36m304 [0m0.282 ms - -[0m
[0mGET /stylesheets/style.css [36m304 [0m0.281 ms - -[0m
[0mGET /javascripts/app.js [36m304 [0m0.171 ms - -[0m
[0mGET /chatData [32m200 [0m0.595 ms - 16743[0m
[0mGET /stylesheets/header.png [36m304 [0m0.252 ms - -[0m
[0mGET /%7B%7Bcomment.avatarUrl%7D%7D [33m404 [0m4.503 ms - 1215[0m
[0mGET /chatData [36m304 [0m4.805 ms - -[0m
[0mGET /chatData [36m304 [0m0.598 ms - -[0m
[0mGET /chatData [36m304 [0m1.169 ms - -[0m
[0mGET /%7B%7Bcomment.avatarUrl%7D%7D [33m404 [0m4.450 ms - 1215[0m
[0mGET /chatData [36m304 [0m0.654 ms - -[0m
[0mGET /%7B%7Bcomment.avatarUrl%7D%7D [33m404 [0m4.183 ms - 1215[0m
[0mGET /chatData [36m304 [0m4.495 ms - -[0m
[0mGET /chatData [36m304 [0m0.648 ms - -[0m
[0mGET /chatData [36m304 [0m0.608 ms - -[0m
[0mGET /%7B%7Bcomment.avatarUrl%7D%7D [33m404 [0m4.663 ms - 1215[0m
[0mGET /chatData [36m304 [0m0.583 ms - -[0m
[0mPOST /newThread [32m200 [0m0.365 ms - 52[0m
[0mGET /chatData [32m200 [0m0.625 ms - 17057[0m
[0mGET /%7B%7Bcomment.avatarUrl%7D%7D [33m404 [0m4.120 ms - 1215[0m
[0mGET / [32m200 [0m0.397 ms - 3006[0m
[0mGET /stylesheets/style.css [32m200 [0m0.501 ms - 3356[0m
[0mGET /javascripts/app.js [32m200 [0m0.354 ms - 4302[0m
[0mGET /chatData [32m200 [0m0.589 ms - 17057[0m
[0mGET /stylesheets/header.png [32m200 [0m0.397 ms - 575483[0m
[0mGET /favicon.ico [33m404 [0m4.099 ms - 1215[0m
[0mPOST /newThread [32m200 [0m0.412 ms - 52[0m
[0mGET /chatData [32m200 [0m0.631 ms - 17337[0m
[0mGET /%7B%7Bcomment.avatarUrl%7D%7D [33m404 [0m4.148 ms - 1215[0m
[0mPOST /upvote [32m200 [0m1.658 ms - 52[0m
[0mGET / [32m200 [0m0.393 ms - 3006[0m
[0mGET /stylesheets/style.css [32m200 [0m0.442 ms - 3356[0m
[0mGET /javascripts/app.js [32m200 [0m0.382 ms - 4302[0m
[0mGET /chatData [32m200 [0m0.550 ms - 17337[0m
[0mGET /stylesheets/header.png [32m200 [0m0.338 ms - 575483[0m
[0mGET /favicon.ico [33m404 [0m4.302 ms - 1215[0m
[0mGET /chatData [36m304 [0m0.578 ms - -[0m
[0mGET /%7B%7Bcomment.avatarUrl%7D%7D [33m404 [0m5.858 ms - 1215[0m
[0mPOST /newComment?i=0 [32m200 [0m0.369 ms - 52[0m
[0mPOST /upvote [32m200 [0m0.355 ms - 52[0m
[0mPOST /upvote [32m200 [0m0.363 ms - 52[0m
[0mGET / [32m200 [0m0.390 ms - 3006[0m
[0mGET /stylesheets/style.css [32m200 [0m0.450 ms - 3356[0m
[0mGET /javascripts/app.js [32m200 [0m0.306 ms - 4302[0m
[0mGET /chatData [32m200 [0m0.605 ms - 17508[0m
[0mGET /stylesheets/header.png [32m200 [0m4.002 ms - 575483[0m
[0mGET /favicon.ico [33m404 [0m4.926 ms - 1215[0m
[0mGET / [32m200 [0m0.439 ms - 3006[0m
[0mGET /stylesheets/style.css [32m200 [0m0.453 ms - 3356[0m
[0mGET /javascripts/app.js [32m200 [0m0.402 ms - 4302[0m
[0mGET /chatData [32m200 [0m0.589 ms - 17508[0m
[0mGET /stylesheets/header.png [32m200 [0m0.354 ms - 575483[0m
[0mGET /chatData [36m304 [0m1.078 ms - -[0m
[0mGET /%7B%7Bcomment.avatarUrl%7D%7D [33m404 [0m9.764 ms - 1215[0m
[0mGET /chatData [36m304 [0m0.583 ms - -[0m
[0mGET /chatData [36m304 [0m1.334 ms - -[0m
[0mGET /%7B%7Bcomment.avatarUrl%7D%7D [33m404 [0m5.807 ms - 1215[0m
[0mPOST /newComment?i=5 [32m200 [0m0.363 ms - 52[0m
[0mGET /chatData [32m200 [0m0.638 ms - 17663[0m
[0mGET / [32m200 [0m0.955 ms - 3006[0m
[0mGET /stylesheets/style.css [32m200 [0m0.498 ms - 3356[0m
[0mGET /javascripts/app.js [32m200 [0m0.371 ms - 4302[0m
[0mGET /chatData [32m200 [0m0.591 ms - 17663[0m
[0mGET /stylesheets/header.png [32m200 [0m0.367 ms - 575483[0m
[0mGET /favicon.ico [33m404 [0m4.646 ms - 1215[0m
[0mGET /%7B%7Bcomment.avatarUrl%7D%7D [33m404 [0m4.422 ms - 1215[0m
[0mGET /chatData [36m304 [0m0.457 ms - -[0m
[0mGET /chatData [36m304 [0m0.653 ms - -[0m
[0mGET /chatData [36m304 [0m1.200 ms - -[0m
[0mGET /%7B%7Bcomment.avatarUrl%7D%7D [33m404 [0m3.556 ms - 1215[0m
[0mPOST /newComment?i=5 [32m200 [0m0.395 ms - 52[0m
[0mPOST /upvote [32m200 [0m0.394 ms - 52[0m
[0mPOST /upvote [32m200 [0m0.359 ms - 52[0m
[0mPOST /upvote [32m200 [0m0.349 ms - 52[0m
[0mPOST /upvote [32m200 [0m0.324 ms - 52[0m
[0mPOST /upvote [32m200 [0m0.381 ms - 52[0m
[0mPOST /upvote [32m200 [0m0.353 ms - 52[0m
[0mPOST /upvote [32m200 [0m0.359 ms - 52[0m
[0mPOST /upvote [32m200 [0m0.355 ms - 52[0m
[0mPOST /upvote [32m200 [0m0.378 ms - 52[0m
[0mPOST /upvote [32m200 [0m0.344 ms - 52[0m
[0mPOST /upvote [32m200 [0m0.364 ms - 52[0m
[0mPOST /upvote [32m200 [0m0.402 ms - 52[0m
[0mPOST /upvote [32m200 [0m0.349 ms - 52[0m
[0mPOST /upvote [32m200 [0m0.339 ms - 52[0m
[0mPOST /upvote [32m200 [0m0.337 ms - 52[0m
[0mPOST /upvote [32m200 [0m0.345 ms - 52[0m
[0mPOST /upvote [32m200 [0m0.350 ms - 52[0m
[0mPOST /upvote [32m200 [0m0.386 ms - 52[0m
[0mPOST /upvote [32m200 [0m0.347 ms - 52[0m
[0mPOST /upvote [32m200 [0m0.358 ms - 52[0m
[0mPOST /upvote [32m200 [0m0.353 ms - 52[0m
[0mPOST /upvote [32m200 [0m0.352 ms - 52[0m
[0mPOST /upvote [32m200 [0m0.349 ms - 52[0m
[0mPOST /upvote [32m200 [0m0.333 ms - 52[0m
[0mPOST /upvote [32m200 [0m0.344 ms - 52[0m
[0mPOST /upvote [32m200 [0m0.336 ms - 52[0m
[0mPOST /upvote [32m200 [0m0.371 ms - 52[0m
[0mPOST /upvote [32m200 [0m0.334 ms - 52[0m
[0mPOST /upvote [32m200 [0m0.344 ms - 52[0m
[0mPOST /upvote [32m200 [0m0.343 ms - 52[0m
[0mPOST /upvote [32m200 [0m4.802 ms - 52[0m
[0mPOST /upvote [32m200 [0m0.327 ms - 52[0m
[0mPOST /upvote [32m200 [0m0.338 ms - 52[0m
[0mPOST /upvote [32m200 [0m0.843 ms - 52[0m
[0mPOST /upvote [32m200 [0m0.332 ms - 52[0m
[0mPOST /upvote [32m200 [0m0.370 ms - 52[0m
[0mPOST /upvote [32m200 [0m0.492 ms - 52[0m
[0mPOST /upvote [32m200 [0m0.334 ms - 52[0m
[0mPOST /upvote [32m200 [0m0.353 ms - 52[0m
[0mPOST /upvote [32m200 [0m0.341 ms - 52[0m
[0mPOST /upvote [32m200 [0m0.342 ms - 52[0m
[0mPOST /upvote [32m200 [0m0.334 ms - 52[0m
[0mPOST /upvote [32m200 [0m1.951 ms - 52[0m
[0mPOST /upvote [32m200 [0m0.347 ms - 52[0m
[0mPOST /upvote [32m200 [0m0.329 ms - 52[0m
[0mPOST /upvote [32m200 [0m0.337 ms - 52[0m
[0mPOST /upvote [32m200 [0m0.335 ms - 52[0m
[0mPOST /upvote [32m200 [0m0.341 ms - 52[0m
[0mPOST /upvote [32m200 [0m0.354 ms - 52[0m
[0mPOST /upvote [32m200 [0m4.433 ms - 52[0m
[0mPOST /upvote [32m200 [0m0.357 ms - 52[0m
[0mPOST /upvote [32m200 [0m0.327 ms - 52[0m
[0mPOST /upvote [32m200 [0m0.338 ms - 52[0m
[0mPOST /upvote [32m200 [0m0.378 ms - 52[0m
[0mPOST /upvote [32m200 [0m0.336 ms - 52[0m
[0mPOST /upvote [32m200 [0m0.369 ms - 52[0m
[0mPOST /upvote [32m200 [0m4.601 ms - 52[0m
[0mPOST /upvote [32m200 [0m0.323 ms - 52[0m
[0mPOST /upvote [32m200 [0m0.327 ms - 52[0m
[0mPOST /upvote [32m200 [0m0.330 ms - 52[0m
[0mPOST /upvote [32m200 [0m0.340 ms - 52[0m
[0mPOST /upvote [32m200 [0m0.373 ms - 52[0m
[0mPOST /upvote [32m200 [0m0.352 ms - 52[0m
[0mPOST /upvote [32m200 [0m0.333 ms - 52[0m
[0mPOST /upvote [32m200 [0m0.328 ms - 52[0m
[0mPOST /upvote [32m200 [0m0.349 ms - 52[0m
[0mPOST /upvote [32m200 [0m0.345 ms - 52[0m
[0mPOST /upvote [32m200 [0m0.328 ms - 52[0m
[0mPOST /upvote [32m200 [0m0.314 ms - 52[0m
[0mPOST /upvote [32m200 [0m0.822 ms - 52[0m
[0mPOST /upvote [32m200 [0m0.351 ms - 52[0m
[0mPOST /upvote [32m200 [0m0.351 ms - 52[0m
[0mPOST /upvote [32m200 [0m0.310 ms - 52[0m
[0mGET / [32m200 [0m0.421 ms - 3006[0m
[0mGET /stylesheets/style.css [32m200 [0m0.470 ms - 3356[0m
[0mGET /javascripts/app.js [32m200 [0m0.350 ms - 4302[0m
[0mGET /chatData [32m200 [0m0.634 ms - 17806[0m
[0mGET /stylesheets/header.png [32m200 [0m0.362 ms - 575483[0m
[0mGET /chatData [36m304 [0m0.754 ms - -[0m
[0mGET /%7B%7Bcomment.avatarUrl%7D%7D [33m404 [0m20.223 ms - 1215[0m
[0mGET /chatData [36m304 [0m0.610 ms - -[0m
[0mGET /chatData [36m304 [0m0.749 ms - -[0m
[0mGET /%7B%7Bcomment.avatarUrl%7D%7D [33m404 [0m6.459 ms - 1215[0m
[0mGET /chatData [36m304 [0m0.620 ms - -[0m
[0mGET /chatData [36m304 [0m0.772 ms - -[0m
[0mGET /%7B%7Bcomment.avatarUrl%7D%7D [33m404 [0m4.911 ms - 1215[0m
[0mGET /chatData [36m304 [0m0.601 ms - -[0m
[0mGET /chatData [36m304 [0m0.559 ms - -[0m
[0mGET /%7B%7Bcomment.avatarUrl%7D%7D [33m404 [0m8.310 ms - 1215[0m
[0mGET /chatData [36m304 [0m0.574 ms - -[0m
[0mGET /chatData [36m304 [0m0.765 ms - -[0m
[0mGET /%7B%7Bcomment.avatarUrl%7D%7D [33m404 [0m4.616 ms - 1215[0m
[0mGET /chatData [36m304 [0m0.612 ms - -[0m
[0mGET /chatData [36m304 [0m0.578 ms - -[0m
[0mGET /%7B%7Bcomment.avatarUrl%7D%7D [33m404 [0m4.034 ms - 1215[0m
[0mGET /chatData [36m304 [0m0.551 ms - -[0m
[0mGET /chatData [36m304 [0m0.580 ms - -[0m
[0mGET /%7B%7Bcomment.avatarUrl%7D%7D [33m404 [0m4.100 ms - 1215[0m
